2025/09/08 16:31:38 [notice] 1#1: using the "epoll" event method
2025/09/08 16:31:38 [notice] 1#1: nginx/1.25.5
2025/09/08 16:31:38 [notice] 1#1: built by gcc 13.2.1 20231014 (Alpine 13.2.1_git20231014) 
2025/09/08 16:31:38 [notice] 1#1: OS: Linux 6.8.0-79-generic
2025/09/08 16:31:38 [notice] 1#1: getrlimit(RLIMIT_NOFILE): 1048576:1048576
2025/09/08 16:31:38 [notice] 1#1: start worker processes
2025/09/08 16:31:38 [notice] 1#1: start worker process 9
2025/09/08 16:31:38 [notice] 1#1: start worker process 10
2025/09/08 16:31:38 [notice] 1#1: start worker process 11
2025/09/08 16:31:38 [notice] 1#1: start worker process 12
2025/09/08 16:31:38 [notice] 1#1: start worker process 13
2025/09/08 16:31:38 [notice] 1#1: start worker process 14
2025/09/08 16:31:38 [notice] 1#1: start worker process 15
2025/09/08 16:31:38 [notice] 1#1: start worker process 16
2025/09/08 16:31:38 [notice] 1#1: start worker process 17
2025/09/08 16:31:38 [notice] 1#1: start worker process 18
2025/09/08 16:31:38 [notice] 1#1: start worker process 19
2025/09/08 16:31:38 [notice] 1#1: start worker process 20
2025/09/08 16:31:38 [notice] 1#1: start worker process 21
2025/09/08 16:31:38 [notice] 1#1: start worker process 22
2025/09/08 16:31:38 [notice] 1#1: start worker process 23
2025/09/08 16:31:38 [notice] 1#1: start worker process 24
2025/09/08 16:31:38 [notice] 1#1: start worker process 25
2025/09/08 16:31:38 [notice] 1#1: start worker process 26
2025/09/08 16:31:38 [notice] 1#1: start worker process 27
2025/09/08 16:31:38 [notice] 1#1: start worker process 28
2025/09/08 16:31:38 [notice] 1#1: start worker process 29
2025/09/08 16:31:38 [notice] 1#1: start worker process 30
2025/09/08 16:31:38 [notice] 1#1: start worker process 31
2025/09/08 16:31:38 [notice] 1#1: start worker process 32
2025/09/08 16:31:38 [notice] 1#1: start worker process 33
2025/09/08 16:31:38 [notice] 1#1: start worker process 34
2025/09/08 16:31:38 [notice] 1#1: start worker process 35
2025/09/08 16:31:38 [notice] 1#1: start worker process 36
2025/09/08 16:31:38 [notice] 1#1: start worker process 37
2025/09/08 16:31:38 [notice] 1#1: start worker process 38
2025/09/08 16:31:38 [notice] 1#1: start worker process 39
2025/09/08 16:31:38 [notice] 1#1: start worker process 40
2025/09/08 16:50:47 [notice] 1#1: signal 3 (SIGQUIT) received, shutting down
2025/09/08 16:50:47 [notice] 9#9: gracefully shutting down
2025/09/08 16:50:47 [notice] 10#10: gracefully shutting down
2025/09/08 16:50:47 [notice] 11#11: gracefully shutting down
2025/09/08 16:50:47 [notice] 12#12: gracefully shutting down
2025/09/08 16:50:47 [notice] 16#16: gracefully shutting down
2025/09/08 16:50:47 [notice] 13#13: gracefully shutting down
2025/09/08 16:50:47 [notice] 14#14: gracefully shutting down
2025/09/08 16:50:47 [notice] 9#9: exiting
2025/09/08 16:50:47 [notice] 15#15: gracefully shutting down
2025/09/08 16:50:47 [notice] 10#10: exiting
2025/09/08 16:50:47 [notice] 17#17: gracefully shutting down
2025/09/08 16:50:47 [notice] 18#18: gracefully shutting down
2025/09/08 16:50:47 [notice] 30#30: gracefully shutting down
2025/09/08 16:50:47 [notice] 19#19: gracefully shutting down
2025/09/08 16:50:47 [notice] 20#20: gracefully shutting down
2025/09/08 16:50:47 [notice] 11#11: exiting
2025/09/08 16:50:47 [notice] 21#21: gracefully shutting down
2025/09/08 16:50:47 [notice] 22#22: gracefully shutting down
2025/09/08 16:50:47 [notice] 12#12: exiting
2025/09/08 16:50:47 [notice] 16#16: exiting
2025/09/08 16:50:47 [notice] 27#27: gracefully shutting down
2025/09/08 16:50:47 [notice] 25#25: gracefully shutting down
2025/09/08 16:50:47 [notice] 13#13: exiting
2025/09/08 16:50:47 [notice] 28#28: gracefully shutting down
2025/09/08 16:50:47 [notice] 29#29: gracefully shutting down
2025/09/08 16:50:47 [notice] 14#14: exiting
2025/09/08 16:50:47 [notice] 15#15: exiting
2025/09/08 16:50:47 [notice] 31#31: gracefully shutting down
2025/09/08 16:50:47 [notice] 34#34: gracefully shutting down
2025/09/08 16:50:47 [notice] 17#17: exiting
2025/09/08 16:50:47 [notice] 33#33: gracefully shutting down
2025/09/08 16:50:47 [notice] 32#32: gracefully shutting down
2025/09/08 16:50:47 [notice] 35#35: gracefully shutting down
2025/09/08 16:50:47 [notice] 18#18: exiting
2025/09/08 16:50:47 [notice] 36#36: gracefully shutting down
2025/09/08 16:50:47 [notice] 30#30: exiting
2025/09/08 16:50:47 [notice] 19#19: exiting
2025/09/08 16:50:47 [notice] 20#20: exiting
2025/09/08 16:50:47 [notice] 37#37: gracefully shutting down
2025/09/08 16:50:47 [notice] 21#21: exiting
2025/09/08 16:50:47 [notice] 22#22: exiting
2025/09/08 16:50:47 [notice] 27#27: exiting
2025/09/08 16:50:47 [notice] 25#25: exiting
2025/09/08 16:50:47 [notice] 28#28: exiting
2025/09/08 16:50:47 [notice] 29#29: exiting
2025/09/08 16:50:47 [notice] 23#23: gracefully shutting down
2025/09/08 16:50:47 [notice] 24#24: gracefully shutting down
2025/09/08 16:50:47 [notice] 26#26: gracefully shutting down
2025/09/08 16:50:47 [notice] 31#31: exiting
2025/09/08 16:50:47 [notice] 34#34: exiting
2025/09/08 16:50:47 [notice] 33#33: exiting
2025/09/08 16:50:47 [notice] 32#32: exiting
2025/09/08 16:50:47 [notice] 35#35: exiting
2025/09/08 16:50:47 [notice] 37#37: exiting
2025/09/08 16:50:47 [notice] 36#36: exiting
2025/09/08 16:50:47 [notice] 23#23: exiting
2025/09/08 16:50:47 [notice] 24#24: exiting
2025/09/08 16:50:47 [notice] 26#26: exiting
2025/09/08 16:50:47 [notice] 38#38: gracefully shutting down
2025/09/08 16:50:47 [notice] 38#38: exiting
2025/09/08 16:50:47 [notice] 39#39: gracefully shutting down
2025/09/08 16:50:47 [notice] 39#39: exiting
2025/09/08 16:50:47 [notice] 10#10: exit
2025/09/08 16:50:47 [notice] 9#9: exit
2025/09/08 16:50:47 [notice] 13#13: exit
2025/09/08 16:50:47 [notice] 11#11: exit
2025/09/08 16:50:47 [notice] 14#14: exit
2025/09/08 16:50:47 [notice] 16#16: exit
2025/09/08 16:50:47 [notice] 12#12: exit
2025/09/08 16:50:47 [notice] 17#17: exit
2025/09/08 16:50:47 [notice] 21#21: exit
2025/09/08 16:50:47 [notice] 19#19: exit
2025/09/08 16:50:47 [notice] 22#22: exit
2025/09/08 16:50:47 [notice] 27#27: exit
2025/09/08 16:50:47 [notice] 34#34: exit
2025/09/08 16:50:47 [notice] 15#15: exit
2025/09/08 16:50:47 [notice] 25#25: exit
2025/09/08 16:50:47 [notice] 18#18: exit
2025/09/08 16:50:47 [notice] 36#36: exit
2025/09/08 16:50:47 [notice] 33#33: exit
2025/09/08 16:50:47 [notice] 30#30: exit
2025/09/08 16:50:47 [notice] 26#26: exit
2025/09/08 16:50:47 [notice] 29#29: exit
2025/09/08 16:50:47 [notice] 24#24: exit
2025/09/08 16:50:47 [notice] 20#20: exit
2025/09/08 16:50:47 [notice] 32#32: exit
2025/09/08 16:50:47 [notice] 23#23: exit
2025/09/08 16:50:47 [notice] 35#35: exit
2025/09/08 16:50:47 [notice] 39#39: exit
2025/09/08 16:50:47 [notice] 38#38: exit
2025/09/08 16:50:47 [notice] 31#31: exit
2025/09/08 16:50:47 [notice] 37#37: exit
2025/09/08 16:50:47 [notice] 28#28: exit
2025/09/08 16:50:47 [notice] 40#40: gracefully shutting down
2025/09/08 16:50:47 [notice] 40#40: exiting
2025/09/08 16:50:47 [notice] 40#40: exit
2025/09/08 16:50:47 [notice] 1#1: signal 17 (SIGCHLD) received from 35
2025/09/08 16:50:47 [notice] 1#1: worker process 35 exited with code 0
2025/09/08 16:50:47 [notice] 1#1: signal 29 (SIGIO) received
2025/09/08 16:50:47 [notice] 1#1: signal 17 (SIGCHLD) received from 30
2025/09/08 16:50:47 [notice] 1#1: worker process 30 exited with code 0
2025/09/08 16:50:47 [notice] 1#1: signal 29 (SIGIO) received
2025/09/08 16:50:47 [notice] 1#1: signal 17 (SIGCHLD) received from 33
2025/09/08 16:50:47 [notice] 1#1: worker process 33 exited with code 0
2025/09/08 16:50:47 [notice] 1#1: signal 29 (SIGIO) received
2025/09/08 16:50:47 [notice] 1#1: signal 17 (SIGCHLD) received from 18
2025/09/08 16:50:47 [notice] 1#1: worker process 18 exited with code 0
2025/09/08 16:50:47 [notice] 1#1: signal 29 (SIGIO) received
2025/09/08 16:50:47 [notice] 1#1: signal 17 (SIGCHLD) received from 34
2025/09/08 16:50:47 [notice] 1#1: worker process 34 exited with code 0
2025/09/08 16:50:47 [notice] 1#1: signal 29 (SIGIO) received
2025/09/08 16:50:47 [notice] 1#1: signal 17 (SIGCHLD) received from 32
2025/09/08 16:50:47 [notice] 1#1: worker process 17 exited with code 0
2025/09/08 16:50:47 [notice] 1#1: worker process 32 exited with code 0
2025/09/08 16:50:47 [notice] 1#1: worker process 13 exited with code 0
2025/09/08 16:50:47 [notice] 1#1: signal 29 (SIGIO) received
2025/09/08 16:50:47 [notice] 1#1: signal 17 (SIGCHLD) received from 17
2025/09/08 16:50:47 [notice] 1#1: signal 17 (SIGCHLD) received from 28
2025/09/08 16:50:47 [notice] 1#1: worker process 28 exited with code 0
2025/09/08 16:50:47 [notice] 1#1: worker process 9 exited with code 0
2025/09/08 16:50:47 [notice] 1#1: worker process 10 exited with code 0
2025/09/08 16:50:47 [notice] 1#1: worker process 19 exited with code 0
2025/09/08 16:50:47 [notice] 1#1: signal 29 (SIGIO) received
2025/09/08 16:50:47 [notice] 1#1: signal 17 (SIGCHLD) received from 9
2025/09/08 16:50:47 [notice] 1#1: worker process 24 exited with code 0
2025/09/08 16:50:47 [notice] 1#1: worker process 25 exited with code 0
2025/09/08 16:50:47 [notice] 1#1: worker process 38 exited with code 0
2025/09/08 16:50:47 [notice] 1#1: signal 29 (SIGIO) received
2025/09/08 16:50:47 [notice] 1#1: signal 17 (SIGCHLD) received from 38
2025/09/08 16:50:47 [notice] 1#1: signal 17 (SIGCHLD) received from 14
2025/09/08 16:50:47 [notice] 1#1: worker process 14 exited with code 0
2025/09/08 16:50:47 [notice] 1#1: signal 29 (SIGIO) received
2025/09/08 16:50:47 [notice] 1#1: signal 17 (SIGCHLD) received from 40
2025/09/08 16:50:47 [notice] 1#1: worker process 40 exited with code 0
2025/09/08 16:50:47 [notice] 1#1: signal 29 (SIGIO) received
2025/09/08 16:50:47 [notice] 1#1: signal 17 (SIGCHLD) received from 39
2025/09/08 16:50:47 [notice] 1#1: worker process 39 exited with code 0
2025/09/08 16:50:47 [notice] 1#1: signal 29 (SIGIO) received
2025/09/08 16:50:47 [notice] 1#1: signal 17 (SIGCHLD) received from 31
2025/09/08 16:50:47 [notice] 1#1: worker process 31 exited with code 0
2025/09/08 16:50:47 [notice] 1#1: signal 29 (SIGIO) received
2025/09/08 16:50:47 [notice] 1#1: signal 17 (SIGCHLD) received from 21
2025/09/08 16:50:47 [notice] 1#1: worker process 21 exited with code 0
2025/09/08 16:50:47 [notice] 1#1: worker process 16 exited with code 0
2025/09/08 16:50:47 [notice] 1#1: worker process 26 exited with code 0
2025/09/08 16:50:47 [notice] 1#1: signal 29 (SIGIO) received
2025/09/08 16:50:47 [notice] 1#1: signal 17 (SIGCHLD) received from 26
2025/09/08 16:50:47 [notice] 1#1: signal 17 (SIGCHLD) received from 23
2025/09/08 16:50:47 [notice] 1#1: worker process 23 exited with code 0
2025/09/08 16:50:47 [notice] 1#1: signal 29 (SIGIO) received
2025/09/08 16:50:47 [notice] 1#1: signal 17 (SIGCHLD) received from 36
2025/09/08 16:50:47 [notice] 1#1: worker process 29 exited with code 0
2025/09/08 16:50:47 [notice] 1#1: worker process 36 exited with code 0
2025/09/08 16:50:47 [notice] 1#1: signal 29 (SIGIO) received
2025/09/08 16:50:47 [notice] 1#1: signal 17 (SIGCHLD) received from 22
2025/09/08 16:50:47 [notice] 1#1: worker process 22 exited with code 0
2025/09/08 16:50:47 [notice] 1#1: signal 29 (SIGIO) received
2025/09/08 16:50:47 [notice] 1#1: signal 17 (SIGCHLD) received from 37
2025/09/08 16:50:47 [notice] 1#1: worker process 37 exited with code 0
2025/09/08 16:50:47 [notice] 1#1: signal 29 (SIGIO) received
2025/09/08 16:50:47 [notice] 1#1: signal 17 (SIGCHLD) received from 12
2025/09/08 16:50:47 [notice] 1#1: worker process 11 exited with code 0
2025/09/08 16:50:47 [notice] 1#1: worker process 12 exited with code 0
2025/09/08 16:50:47 [notice] 1#1: signal 29 (SIGIO) received
2025/09/08 16:50:47 [notice] 1#1: signal 17 (SIGCHLD) received from 11
2025/09/08 16:50:47 [notice] 1#1: signal 17 (SIGCHLD) received from 15
2025/09/08 16:50:47 [notice] 1#1: worker process 15 exited with code 0
2025/09/08 16:50:47 [notice] 1#1: signal 29 (SIGIO) received
2025/09/08 16:50:47 [notice] 1#1: signal 17 (SIGCHLD) received from 20
2025/09/08 16:50:47 [notice] 1#1: worker process 20 exited with code 0
2025/09/08 16:50:47 [notice] 1#1: signal 17 (SIGCHLD) received from 27
2025/09/08 16:50:47 [notice] 1#1: worker process 27 exited with code 0
2025/09/08 16:50:47 [notice] 1#1: exit
2025/09/08 16:50:47 [notice] 1#1: using the "epoll" event method
2025/09/08 16:50:47 [notice] 1#1: nginx/1.25.5
2025/09/08 16:50:47 [notice] 1#1: built by gcc 13.2.1 20231014 (Alpine 13.2.1_git20231014) 
2025/09/08 16:50:47 [notice] 1#1: OS: Linux 6.8.0-79-generic
2025/09/08 16:50:47 [notice] 1#1: getrlimit(RLIMIT_NOFILE): 1048576:1048576
2025/09/08 16:50:47 [notice] 1#1: start worker processes
2025/09/08 16:50:47 [notice] 1#1: start worker process 29
2025/09/08 16:50:47 [notice] 1#1: start worker process 30
2025/09/08 16:50:47 [notice] 1#1: start worker process 31
2025/09/08 16:50:47 [notice] 1#1: start worker process 32
2025/09/08 16:50:47 [notice] 1#1: start worker process 33
2025/09/08 16:50:47 [notice] 1#1: start worker process 34
2025/09/08 16:50:47 [notice] 1#1: start worker process 35
2025/09/08 16:50:47 [notice] 1#1: start worker process 36
2025/09/08 16:50:47 [notice] 1#1: start worker process 37
2025/09/08 16:50:47 [notice] 1#1: start worker process 38
2025/09/08 16:50:47 [notice] 1#1: start worker process 39
2025/09/08 16:50:47 [notice] 1#1: start worker process 40
2025/09/08 16:50:47 [notice] 1#1: start worker process 41
2025/09/08 16:50:47 [notice] 1#1: start worker process 42
2025/09/08 16:50:47 [notice] 1#1: start worker process 43
2025/09/08 16:50:47 [notice] 1#1: start worker process 44
2025/09/08 16:50:47 [notice] 1#1: start worker process 45
2025/09/08 16:50:47 [notice] 1#1: start worker process 46
2025/09/08 16:50:47 [notice] 1#1: start worker process 47
2025/09/08 16:50:47 [notice] 1#1: start worker process 48
2025/09/08 16:50:47 [notice] 1#1: start worker process 49
2025/09/08 16:50:47 [notice] 1#1: start worker process 50
2025/09/08 16:50:47 [notice] 1#1: start worker process 51
2025/09/08 16:50:47 [notice] 1#1: start worker process 52
2025/09/08 16:50:47 [notice] 1#1: start worker process 53
2025/09/08 16:50:47 [notice] 1#1: start worker process 54
2025/09/08 16:50:47 [notice] 1#1: start worker process 55
2025/09/08 16:50:47 [notice] 1#1: start worker process 56
2025/09/08 16:50:47 [notice] 1#1: start worker process 57
2025/09/08 16:50:47 [notice] 1#1: start worker process 58
2025/09/08 16:50:47 [notice] 1#1: start worker process 59
2025/09/08 16:50:47 [notice] 1#1: start worker process 60
2025/09/08 16:52:31 [error] 33#33: *5 open() "/usr/share/nginx/html/.well-known/appspecific/com.chrome.devtools.json" failed (2: No such file or directory), client: 172.18.0.1, server: localhost, request: "GET /.well-known/appspecific/com.chrome.devtools.json HTTP/1.1", host: "localhost:3000"
